2018-05-10 22:21:09.757  [http-nio-8083-exec-1] DEBUG [com.mooc.house.user.mapper.AgencyMapper.select:] [40dbab785f258602,857402fa5aac4cbc] - ==>  Preparing: select id, name , address , phone , email , about_us , mobile , web_site from agency 
mooc.house.hsrv.mapper.HouseMapper.selectHouse:] [f59a069ed874530b,091369fee5b02f10] - <==      Total: 6
2018-05-10 22:20:42.594  [http-nio-8084-exec-3] DEBUG [com.mooc.house.hsrv.mapper.HouseMapper.selectHouse:] [e02e85e70b987d99,52b6a17bde0a9047] - ==>  Preparing: select a.id , a.type, a.name, a.price, a.images , a.area , a.beds , a.baths , a.rating , a.remarks , a.properties , a.floor_plan , a.tags , a.create_time , a.city_id , a.community_id , a.address, a.state, b.user_id from house a inner join ( select house_id,user_id from house_user WHERE type = 1 ) b on a.id = b.house_id WHERE state = 1 order by a.create_time desc limit ?, ? 
2018-05-10 22:20:42.596  [http-nio-8084-exec-3] DEBUG [com.mooc.house.hsrv.mapper.HouseMapper.selectHouse:] [e02e85e70b987d99,52b6a17bde0a9047] - ==> Parameters: 0(Integer), 8(Integer)
2018-05-10 22:20:42.611  [http-nio-8084-exec-3] DEBUG [com.mooc.house.hsrv.mapper.HouseMapper.selectHouse:] [e02e85e70b987d99,52b6a17bde0a9047] - <==      Total: 6
2018-05-10 22:20:50.333  [http-nio-8084-exec-2] DEBUG [com.mooc.house.hsrv.mapper.HouseMapper.selectHouse:] [88ce430d6f07f0a9,a7f79e67043d6d25] - ==>  Preparing: select a.id , a.type, a.name, a.price, a.images , a.area , a.beds , a.baths , a.rating , a.remarks , a.properties , a.floor_plan , a.tags , a.create_time , a.city_id , a.community_id , a.address, a.state, b.user_id from house a inner join ( select house_id,user_id from house_user WHERE type = 1 ) b on a.id = b.house_id WHERE state = 1 and a.id = ? order by a.create_time desc limit ?, ? 
2018-05-10 22:20:50.336  [http-nio-8084-exec-2] DEBUG [com.mooc.house.hsrv.mapper.HouseMapper.selectHouse:] [88ce430d6f07f0a9,a7f79e67043d6d25] - ==> Parameters: 26(Long), 0(Integer), 1(Integer)
2018-05-10 22:20:50.356  [http-nio-8084-exec-2] DEBUG [com.mooc.house.hsrv.mapper.HouseMapper.selectHouse:] [88ce430d6f07f0a9,a7f79e67043d6d25] - <==      Total: 1
2018-05-10 22:20:51.260  [http-nio-8084-exec-4] DEBUG [com.mooc.house.hsrv.mapper.HouseMapper.selectHouse:] [940c8da7963fc2d7,933be19ecccbc4ef] - ==>  Preparing: select a.id , a.type, a.name, a.price, a.images , a.area , a.beds , a.baths , a.rating , a.remarks , a.properties , a.floor_plan , a.tags , a.create_time , a.city_id , a.community_id , a.address, a.state, b.user_id from house a inner join ( select house_id,user_id from house_user WHERE type = 1 ) b on a.id = b.house_id WHERE state = 1 and a.id = ? order by a.create_time desc limit ?, ? 
2018-05-10 22:20:51.261  [http-nio-8084-exec-4] DEBUG [com.mooc.house.hsrv.mapper.HouseMapper.selectHouse:] [940c8da7963fc2d7,933be19ecccbc4ef] - ==> Parameters: 26(Long), 0(Integer), 1(Integer)
2018-05-10 22:20:51.264  [http-nio-8084-exec-4] DEBUG [com.mooc.house.hsrv.mapper.HouseMapper.selectHouse:] [940c8da7963fc2d7,933be19ecccbc4ef] - <==      Total: 1
2018-05-10 22:20:56.132  [http-nio-8084-exec-5] DEBUG [com.mooc.house.hsrv.mapper.HouseMapper.selectHouse:] [ddb1a8574ffe5fc6,80f3a20cb4ec5921] - ==>  Preparing: select a.id , a.type, a.name, a.price, a.images , a.area , a.beds , a.baths , a.rating , a.remarks , a.properties , a.floor_plan , a.tags , a.create_time , a.city_id , a.community_id , a.address, a.state, b.user_id from house a inner join ( select house_id,user_id from house_user WHERE type = 1 ) b on a.id = b.house_id WHERE state = 1 order by a.create_time desc limit ?, ? 
2018-05-10 22:20:56.134  [http-nio-8084-exec-5] DEBUG [com.mooc.house.hsrv.mapper.HouseMapper.selectHouse:] [ddb1a8574ffe5fc6,80f3a20cb4ec5921] - ==> Parameters: 0(Integer), 8(Integer)
2018-05-10 22:20:56.142  [http-nio-8084-exec-5] DEBUG [com.mooc.house.hsrv.mapper.HouseMapper.selectHouse:] [ddb1a8574ffe5fc6,80f3a20cb4ec5921] - <==      Total: 6
2018-05-10 22:20:59.583  [http-nio-8084-exec-6] DEBUG [com.mooc.house.hsrv.mapper.HouseMapper.selectHouse:] [fc36066cada499ad,a46472f8b2cade44] - ==>  Preparing: select a.id , a.type, a.name, a.price, a.images , a.area , a.beds , a.baths , a.rating , a.remarks , a.properties , a.floor_plan , a.tags , a.create_time , a.city_id , a.community_id , a.address, a.state, b.user_id from house a inner join ( select house_id,user_id from house_user WHERE type = 1 ) b on a.id = b.house_id WHERE state = 1 and a.type = ? order by a.create_time desc limit ?, ? 
2018-05-10 22:20:59.589  [http-nio-8084-exec-6] DEBUG [com.mooc.house.hsrv.mapper.HouseMapper.selectHouse:] [fc36066cada499ad,a46472f8b2cade44] - ==> Parameters: 1(Integer), 0(Integer), 2(Integer)
2018-05-10 22:20:59.593  [http-nio-8084-exec-6] DEBUG [com.mooc.house.hsrv.mapper.HouseMapper.selectHouse:] [fc36066cada499ad,a46472f8b2cade44] - <==      Total: 2
2018-05-10 22:20:59.594  [http-nio-8084-exec-6] DEBUG [com.mooc.house.hsrv.mapper.HouseMapper.selectHouseCount:] [fc36066cada499ad,a46472f8b2cade44] - ==>  Preparing: select count(id) from house a inner join ( select house_id,user_id from house_user WHERE type = 1 ) b on a.id = b.house_id WHERE state = 1 and a.type = ? 
2018-05-10 22:20:59.644  [http-nio-8084-exec-6] DEBUG [com.mooc.house.hsrv.mapper.HouseMapper.selectHouseCount:] [fc36066cada499ad,a46472f8b2cade44] - ==> Parameters: 1(Integer)
2018-05-10 22:20:59.667  [http-nio-8084-exec-6] DEBUG [com.mooc.house.hsrv.mapper.HouseMapper.selectHouseCount:] [fc36066cada499ad,a46472f8b2cade44] - <==      Total: 1
